Performing C++ SOURCE FILE Test COMPILER_SUPPORT_Wshorten64to32 failed with the following output:
Change Dir: /home/rahul/catkin_ws/build/eigen_catkin/eigen_src-prefix/src/eigen_src-build/CMakeFiles/CMakeTmp

Run Build Command:"/usr/bin/make" "cmTC_9ca21/fast"
make[3]: Entering directory '/home/rahul/catkin_ws/build/eigen_catkin/eigen_src-prefix/src/eigen_src-build/CMakeFiles/CMakeTmp'
/usr/bin/make -f CMakeFiles/cmTC_9ca21.dir/build.make CMakeFiles/cmTC_9ca21.dir/build
make[4]: Entering directory '/home/rahul/catkin_ws/build/eigen_catkin/eigen_src-prefix/src/eigen_src-build/CMakeFiles/CMakeTmp'
Building CXX object CMakeFiles/cmTC_9ca21.dir/src.cxx.o
/usr/bin/c++     -pedantic -Wall -Wextra -Wundef -Wcast-align -Wchar-subscripts -Wnon-virtual-dtor -Wunused-local-typedefs -Wpointer-arith -Wwrite-strings -Wformat-security -DCOMPILER_SUPPORT_Wshorten64to32 -Werror   -Wshorten-64-to-32 -o CMakeFiles/cmTC_9ca21.dir/src.cxx.o -c /home/rahul/catkin_ws/build/eigen_catkin/eigen_src-prefix/src/eigen_src-build/CMakeFiles/CMakeTmp/src.cxx
c++: error: unrecognized command line option '-Wshorten-64-to-32'
CMakeFiles/cmTC_9ca21.dir/build.make:65: recipe for target 'CMakeFiles/cmTC_9ca21.dir/src.cxx.o' failed
make[4]: *** [CMakeFiles/cmTC_9ca21.dir/src.cxx.o] Error 1
make[4]: Leaving directory '/home/rahul/catkin_ws/build/eigen_catkin/eigen_src-prefix/src/eigen_src-build/CMakeFiles/CMakeTmp'
Makefile:126: recipe for target 'cmTC_9ca21/fast' failed
make[3]: *** [cmTC_9ca21/fast] Error 2
make[3]: Leaving directory '/home/rahul/catkin_ws/build/eigen_catkin/eigen_src-prefix/src/eigen_src-build/CMakeFiles/CMakeTmp'

Source file was:
int main() { return 0; }
Performing C++ SOURCE FILE Test COMPILER_SUPPORT_Wenumconversion failed with the following output:
Change Dir: /home/rahul/catkin_ws/build/eigen_catkin/eigen_src-prefix/src/eigen_src-build/CMakeFiles/CMakeTmp

Run Build Command:"/usr/bin/make" "cmTC_eba89/fast"
make[3]: Entering directory '/home/rahul/catkin_ws/build/eigen_catkin/eigen_src-prefix/src/eigen_src-build/CMakeFiles/CMakeTmp'
/usr/bin/make -f CMakeFiles/cmTC_eba89.dir/build.make CMakeFiles/cmTC_eba89.dir/build
make[4]: Entering directory '/home/rahul/catkin_ws/build/eigen_catkin/eigen_src-prefix/src/eigen_src-build/CMakeFiles/CMakeTmp'
Building CXX object CMakeFiles/cmTC_eba89.dir/src.cxx.o
/usr/bin/c++     -pedantic -Wall -Wextra -Wundef -Wcast-align -Wchar-subscripts -Wnon-virtual-dtor -Wunused-local-typedefs -Wpointer-arith -Wwrite-strings -Wformat-security -Wlogical-op -DCOMPILER_SUPPORT_Wenumconversion -Werror   -Wenum-conversion -o CMakeFiles/cmTC_eba89.dir/src.cxx.o -c /home/rahul/catkin_ws/build/eigen_catkin/eigen_src-prefix/src/eigen_src-build/CMakeFiles/CMakeTmp/src.cxx
c++: error: unrecognized command line option '-Wenum-conversion'
CMakeFiles/cmTC_eba89.dir/build.make:65: recipe for target 'CMakeFiles/cmTC_eba89.dir/src.cxx.o' failed
make[4]: *** [CMakeFiles/cmTC_eba89.dir/src.cxx.o] Error 1
make[4]: Leaving directory '/home/rahul/catkin_ws/build/eigen_catkin/eigen_src-prefix/src/eigen_src-build/CMakeFiles/CMakeTmp'
Makefile:126: recipe for target 'cmTC_eba89/fast' failed
make[3]: *** [cmTC_eba89/fast] Error 2
make[3]: Leaving directory '/home/rahul/catkin_ws/build/eigen_catkin/eigen_src-prefix/src/eigen_src-build/CMakeFiles/CMakeTmp'

Source file was:
int main() { return 0; }
Performing C++ SOURCE FILE Test COMPILER_SUPPORT_Wcpp11extensions failed with the following output:
Change Dir: /home/rahul/catkin_ws/build/eigen_catkin/eigen_src-prefix/src/eigen_src-build/CMakeFiles/CMakeTmp

Run Build Command:"/usr/bin/make" "cmTC_86a58/fast"
make[3]: Entering directory '/home/rahul/catkin_ws/build/eigen_catkin/eigen_src-prefix/src/eigen_src-build/CMakeFiles/CMakeTmp'
/usr/bin/make -f CMakeFiles/cmTC_86a58.dir/build.make CMakeFiles/cmTC_86a58.dir/build
make[4]: Entering directory '/home/rahul/catkin_ws/build/eigen_catkin/eigen_src-prefix/src/eigen_src-build/CMakeFiles/CMakeTmp'
Building CXX object CMakeFiles/cmTC_86a58.dir/src.cxx.o
/usr/bin/c++     -pedantic -Wall -Wextra -Wundef -Wcast-align -Wchar-subscripts -Wnon-virtual-dtor -Wunused-local-typedefs -Wpointer-arith -Wwrite-strings -Wformat-security -Wlogical-op -DCOMPILER_SUPPORT_Wcpp11extensions -Werror   -Wc++11-extensions -o CMakeFiles/cmTC_86a58.dir/src.cxx.o -c /home/rahul/catkin_ws/build/eigen_catkin/eigen_src-prefix/src/eigen_src-build/CMakeFiles/CMakeTmp/src.cxx
c++: error: unrecognized command line option '-Wc++11-extensions'
CMakeFiles/cmTC_86a58.dir/build.make:65: recipe for target 'CMakeFiles/cmTC_86a58.dir/src.cxx.o' failed
make[4]: *** [CMakeFiles/cmTC_86a58.dir/src.cxx.o] Error 1
make[4]: Leaving directory '/home/rahul/catkin_ws/build/eigen_catkin/eigen_src-prefix/src/eigen_src-build/CMakeFiles/CMakeTmp'
Makefile:126: recipe for target 'cmTC_86a58/fast' failed
make[3]: *** [cmTC_86a58/fast] Error 2
make[3]: Leaving directory '/home/rahul/catkin_ws/build/eigen_catkin/eigen_src-prefix/src/eigen_src-build/CMakeFiles/CMakeTmp'

Source file was:
int main() { return 0; }
Performing C++ SOURCE FILE Test COMPILER_SUPPORT_wd981 failed with the following output:
Change Dir: /home/rahul/catkin_ws/build/eigen_catkin/eigen_src-prefix/src/eigen_src-build/CMakeFiles/CMakeTmp

Run Build Command:"/usr/bin/make" "cmTC_5865e/fast"
make[3]: Entering directory '/home/rahul/catkin_ws/build/eigen_catkin/eigen_src-prefix/src/eigen_src-build/CMakeFiles/CMakeTmp'
/usr/bin/make -f CMakeFiles/cmTC_5865e.dir/build.make CMakeFiles/cmTC_5865e.dir/build
make[4]: Entering directory '/home/rahul/catkin_ws/build/eigen_catkin/eigen_src-prefix/src/eigen_src-build/CMakeFiles/CMakeTmp'
Building CXX object CMakeFiles/cmTC_5865e.dir/src.cxx.o
/usr/bin/c++     -pedantic -Wall -Wextra -Wundef -Wcast-align -Wchar-subscripts -Wnon-virtual-dtor -Wunused-local-typedefs -Wpointer-arith -Wwrite-strings -Wformat-security -Wlogical-op -Wdouble-promotion -Wno-psabi -Wno-variadic-macros -Wno-long-long -fno-check-new -fno-common -fstrict-aliasing -DCOMPILER_SUPPORT_wd981 -Werror   -wd981 -o CMakeFiles/cmTC_5865e.dir/src.cxx.o -c /home/rahul/catkin_ws/build/eigen_catkin/eigen_src-prefix/src/eigen_src-build/CMakeFiles/CMakeTmp/src.cxx
c++: error: unrecognized command line option '-wd981'
CMakeFiles/cmTC_5865e.dir/build.make:65: recipe for target 'CMakeFiles/cmTC_5865e.dir/src.cxx.o' failed
make[4]: *** [CMakeFiles/cmTC_5865e.dir/src.cxx.o] Error 1
make[4]: Leaving directory '/home/rahul/catkin_ws/build/eigen_catkin/eigen_src-prefix/src/eigen_src-build/CMakeFiles/CMakeTmp'
Makefile:126: recipe for target 'cmTC_5865e/fast' failed
make[3]: *** [cmTC_5865e/fast] Error 2
make[3]: Leaving directory '/home/rahul/catkin_ws/build/eigen_catkin/eigen_src-prefix/src/eigen_src-build/CMakeFiles/CMakeTmp'

Source file was:
int main() { return 0; }
Performing C++ SOURCE FILE Test COMPILER_SUPPORT_wd2304 failed with the following output:
Change Dir: /home/rahul/catkin_ws/build/eigen_catkin/eigen_src-prefix/src/eigen_src-build/CMakeFiles/CMakeTmp

Run Build Command:"/usr/bin/make" "cmTC_5d087/fast"
make[3]: Entering directory '/home/rahul/catkin_ws/build/eigen_catkin/eigen_src-prefix/src/eigen_src-build/CMakeFiles/CMakeTmp'
/usr/bin/make -f CMakeFiles/cmTC_5d087.dir/build.make CMakeFiles/cmTC_5d087.dir/build
make[4]: Entering directory '/home/rahul/catkin_ws/build/eigen_catkin/eigen_src-prefix/src/eigen_src-build/CMakeFiles/CMakeTmp'
Building CXX object CMakeFiles/cmTC_5d087.dir/src.cxx.o
/usr/bin/c++     -pedantic -Wall -Wextra -Wundef -Wcast-align -Wchar-subscripts -Wnon-virtual-dtor -Wunused-local-typedefs -Wpointer-arith -Wwrite-strings -Wformat-security -Wlogical-op -Wdouble-promotion -Wno-psabi -Wno-variadic-macros -Wno-long-long -fno-check-new -fno-common -fstrict-aliasing -DCOMPILER_SUPPORT_wd2304 -Werror   -wd2304 -o CMakeFiles/cmTC_5d087.dir/src.cxx.o -c /home/rahul/catkin_ws/build/eigen_catkin/eigen_src-prefix/src/eigen_src-build/CMakeFiles/CMakeTmp/src.cxx
c++: error: unrecognized command line option '-wd2304'
CMakeFiles/cmTC_5d087.dir/build.make:65: recipe for target 'CMakeFiles/cmTC_5d087.dir/src.cxx.o' failed
make[4]: *** [CMakeFiles/cmTC_5d087.dir/src.cxx.o] Error 1
make[4]: Leaving directory '/home/rahul/catkin_ws/build/eigen_catkin/eigen_src-prefix/src/eigen_src-build/CMakeFiles/CMakeTmp'
Makefile:126: recipe for target 'cmTC_5d087/fast' failed
make[3]: *** [cmTC_5d087/fast] Error 2
make[3]: Leaving directory '/home/rahul/catkin_ws/build/eigen_catkin/eigen_src-prefix/src/eigen_src-build/CMakeFiles/CMakeTmp'

Source file was:
int main() { return 0; }
Performing C++ SOURCE FILE Test COMPILER_SUPPORT_STRICTANSI failed with the following output:
Change Dir: /home/rahul/catkin_ws/build/eigen_catkin/eigen_src-prefix/src/eigen_src-build/CMakeFiles/CMakeTmp

Run Build Command:"/usr/bin/make" "cmTC_6a714/fast"
make[3]: Entering directory '/home/rahul/catkin_ws/build/eigen_catkin/eigen_src-prefix/src/eigen_src-build/CMakeFiles/CMakeTmp'
/usr/bin/make -f CMakeFiles/cmTC_6a714.dir/build.make CMakeFiles/cmTC_6a714.dir/build
make[4]: Entering directory '/home/rahul/catkin_ws/build/eigen_catkin/eigen_src-prefix/src/eigen_src-build/CMakeFiles/CMakeTmp'
Building CXX object CMakeFiles/cmTC_6a714.dir/src.cxx.o
/usr/bin/c++     -pedantic -Wall -Wextra -Wundef -Wcast-align -Wchar-subscripts -Wnon-virtual-dtor -Wunused-local-typedefs -Wpointer-arith -Wwrite-strings -Wformat-security -Wlogical-op -Wdouble-promotion -Wno-psabi -Wno-variadic-macros -Wno-long-long -fno-check-new -fno-common -fstrict-aliasing -DCOMPILER_SUPPORT_STRICTANSI -Werror   -strict-ansi -o CMakeFiles/cmTC_6a714.dir/src.cxx.o -c /home/rahul/catkin_ws/build/eigen_catkin/eigen_src-prefix/src/eigen_src-build/CMakeFiles/CMakeTmp/src.cxx
c++: error: unrecognized command line option '-strict-ansi'
CMakeFiles/cmTC_6a714.dir/build.make:65: recipe for target 'CMakeFiles/cmTC_6a714.dir/src.cxx.o' failed
make[4]: *** [CMakeFiles/cmTC_6a714.dir/src.cxx.o] Error 1
make[4]: Leaving directory '/home/rahul/catkin_ws/build/eigen_catkin/eigen_src-prefix/src/eigen_src-build/CMakeFiles/CMakeTmp'
Makefile:126: recipe for target 'cmTC_6a714/fast' failed
make[3]: *** [cmTC_6a714/fast] Error 2
make[3]: Leaving directory '/home/rahul/catkin_ws/build/eigen_catkin/eigen_src-prefix/src/eigen_src-build/CMakeFiles/CMakeTmp'

Source file was:
int main() { return 0; }
Performing C++ SOURCE FILE Test COMPILER_SUPPORT_Qunusedarguments failed with the following output:
Change Dir: /home/rahul/catkin_ws/build/eigen_catkin/eigen_src-prefix/src/eigen_src-build/CMakeFiles/CMakeTmp

Run Build Command:"/usr/bin/make" "cmTC_d5e2c/fast"
make[3]: Entering directory '/home/rahul/catkin_ws/build/eigen_catkin/eigen_src-prefix/src/eigen_src-build/CMakeFiles/CMakeTmp'
/usr/bin/make -f CMakeFiles/cmTC_d5e2c.dir/build.make CMakeFiles/cmTC_d5e2c.dir/build
make[4]: Entering directory '/home/rahul/catkin_ws/build/eigen_catkin/eigen_src-prefix/src/eigen_src-build/CMakeFiles/CMakeTmp'
Building CXX object CMakeFiles/cmTC_d5e2c.dir/src.cxx.o
/usr/bin/c++     -pedantic -Wall -Wextra -Wundef -Wcast-align -Wchar-subscripts -Wnon-virtual-dtor -Wunused-local-typedefs -Wpointer-arith -Wwrite-strings -Wformat-security -Wlogical-op -Wdouble-promotion -Wno-psabi -Wno-variadic-macros -Wno-long-long -fno-check-new -fno-common -fstrict-aliasing -DCOMPILER_SUPPORT_Qunusedarguments -Werror   -Qunused-arguments -o CMakeFiles/cmTC_d5e2c.dir/src.cxx.o -c /home/rahul/catkin_ws/build/eigen_catkin/eigen_src-prefix/src/eigen_src-build/CMakeFiles/CMakeTmp/src.cxx
c++: error: unrecognized command line option '-Qunused-arguments'
CMakeFiles/cmTC_d5e2c.dir/build.make:65: recipe for target 'CMakeFiles/cmTC_d5e2c.dir/src.cxx.o' failed
make[4]: *** [CMakeFiles/cmTC_d5e2c.dir/src.cxx.o] Error 1
make[4]: Leaving directory '/home/rahul/catkin_ws/build/eigen_catkin/eigen_src-prefix/src/eigen_src-build/CMakeFiles/CMakeTmp'
Makefile:126: recipe for target 'cmTC_d5e2c/fast' failed
make[3]: *** [cmTC_d5e2c/fast] Error 2
make[3]: Leaving directory '/home/rahul/catkin_ws/build/eigen_catkin/eigen_src-prefix/src/eigen_src-build/CMakeFiles/CMakeTmp'

Source file was:
int main() { return 0; }
Determining if the Q_WS_WIN exist failed with the following output:
Change Dir: /home/rahul/catkin_ws/build/eigen_catkin/eigen_src-prefix/src/eigen_src-build/CMakeFiles/CMakeTmp

Run Build Command:"/usr/bin/make" "cmTC_62222/fast"
make[3]: Entering directory '/home/rahul/catkin_ws/build/eigen_catkin/eigen_src-prefix/src/eigen_src-build/CMakeFiles/CMakeTmp'
/usr/bin/make -f CMakeFiles/cmTC_62222.dir/build.make CMakeFiles/cmTC_62222.dir/build
make[4]: Entering directory '/home/rahul/catkin_ws/build/eigen_catkin/eigen_src-prefix/src/eigen_src-build/CMakeFiles/CMakeTmp'
Building CXX object CMakeFiles/cmTC_62222.dir/CheckSymbolExists.cxx.o
/usr/bin/c++    -I/usr/include/qt4  -pedantic -Wall -Wextra -Wundef -Wcast-align -Wchar-subscripts -Wnon-virtual-dtor -Wunused-local-typedefs -Wpointer-arith -Wwrite-strings -Wformat-security -Wlogical-op -Wdouble-promotion -Wno-psabi -Wno-variadic-macros -Wno-long-long -fno-check-new -fno-common -fstrict-aliasing -ansi -O1 -g1    -o CMakeFiles/cmTC_62222.dir/CheckSymbolExists.cxx.o -c /home/rahul/catkin_ws/build/eigen_catkin/eigen_src-prefix/src/eigen_src-build/CMakeFiles/CMakeTmp/CheckSymbolExists.cxx
/home/rahul/catkin_ws/build/eigen_catkin/eigen_src-prefix/src/eigen_src-build/CMakeFiles/CMakeTmp/CheckSymbolExists.cxx: In function ‘int main(int, char**)’:
/home/rahul/catkin_ws/build/eigen_catkin/eigen_src-prefix/src/eigen_src-build/CMakeFiles/CMakeTmp/CheckSymbolExists.cxx:8:19: error: ‘Q_WS_WIN’ was not declared in this scope
   return ((int*)(&Q_WS_WIN))[argc];
                   ^
CMakeFiles/cmTC_62222.dir/build.make:65: recipe for target 'CMakeFiles/cmTC_62222.dir/CheckSymbolExists.cxx.o' failed
make[4]: *** [CMakeFiles/cmTC_62222.dir/CheckSymbolExists.cxx.o] Error 1
make[4]: Leaving directory '/home/rahul/catkin_ws/build/eigen_catkin/eigen_src-prefix/src/eigen_src-build/CMakeFiles/CMakeTmp'
Makefile:126: recipe for target 'cmTC_62222/fast' failed
make[3]: *** [cmTC_62222/fast] Error 2
make[3]: Leaving directory '/home/rahul/catkin_ws/build/eigen_catkin/eigen_src-prefix/src/eigen_src-build/CMakeFiles/CMakeTmp'

File /home/rahul/catkin_ws/build/eigen_catkin/eigen_src-prefix/src/eigen_src-build/CMakeFiles/CMakeTmp/CheckSymbolExists.cxx:
/* */
#include <QtCore/qglobal.h>

int main(int argc, char** argv)
{
  (void)argv;
#ifndef Q_WS_WIN
  return ((int*)(&Q_WS_WIN))[argc];
#else
  (void)argc;
  return 0;
#endif
}

Determining if the Q_WS_QWS exist failed with the following output:
Change Dir: /home/rahul/catkin_ws/build/eigen_catkin/eigen_src-prefix/src/eigen_src-build/CMakeFiles/CMakeTmp

Run Build Command:"/usr/bin/make" "cmTC_50c77/fast"
make[3]: Entering directory '/home/rahul/catkin_ws/build/eigen_catkin/eigen_src-prefix/src/eigen_src-build/CMakeFiles/CMakeTmp'
/usr/bin/make -f CMakeFiles/cmTC_50c77.dir/build.make CMakeFiles/cmTC_50c77.dir/build
make[4]: Entering directory '/home/rahul/catkin_ws/build/eigen_catkin/eigen_src-prefix/src/eigen_src-build/CMakeFiles/CMakeTmp'
Building CXX object CMakeFiles/cmTC_50c77.dir/CheckSymbolExists.cxx.o
/usr/bin/c++    -I/usr/include/qt4  -pedantic -Wall -Wextra -Wundef -Wcast-align -Wchar-subscripts -Wnon-virtual-dtor -Wunused-local-typedefs -Wpointer-arith -Wwrite-strings -Wformat-security -Wlogical-op -Wdouble-promotion -Wno-psabi -Wno-variadic-macros -Wno-long-long -fno-check-new -fno-common -fstrict-aliasing -ansi -O1 -g1    -o CMakeFiles/cmTC_50c77.dir/CheckSymbolExists.cxx.o -c /home/rahul/catkin_ws/build/eigen_catkin/eigen_src-prefix/src/eigen_src-build/CMakeFiles/CMakeTmp/CheckSymbolExists.cxx
/home/rahul/catkin_ws/build/eigen_catkin/eigen_src-prefix/src/eigen_src-build/CMakeFiles/CMakeTmp/CheckSymbolExists.cxx: In function ‘int main(int, char**)’:
/home/rahul/catkin_ws/build/eigen_catkin/eigen_src-prefix/src/eigen_src-build/CMakeFiles/CMakeTmp/CheckSymbolExists.cxx:8:19: error: ‘Q_WS_QWS’ was not declared in this scope
   return ((int*)(&Q_WS_QWS))[argc];
                   ^
CMakeFiles/cmTC_50c77.dir/build.make:65: recipe for target 'CMakeFiles/cmTC_50c77.dir/CheckSymbolExists.cxx.o' failed
make[4]: *** [CMakeFiles/cmTC_50c77.dir/CheckSymbolExists.cxx.o] Error 1
make[4]: Leaving directory '/home/rahul/catkin_ws/build/eigen_catkin/eigen_src-prefix/src/eigen_src-build/CMakeFiles/CMakeTmp'
Makefile:126: recipe for target 'cmTC_50c77/fast' failed
make[3]: *** [cmTC_50c77/fast] Error 2
make[3]: Leaving directory '/home/rahul/catkin_ws/build/eigen_catkin/eigen_src-prefix/src/eigen_src-build/CMakeFiles/CMakeTmp'

File /home/rahul/catkin_ws/build/eigen_catkin/eigen_src-prefix/src/eigen_src-build/CMakeFiles/CMakeTmp/CheckSymbolExists.cxx:
/* */
#include <QtCore/qglobal.h>

int main(int argc, char** argv)
{
  (void)argv;
#ifndef Q_WS_QWS
  return ((int*)(&Q_WS_QWS))[argc];
#else
  (void)argc;
  return 0;
#endif
}

Determining if the Q_WS_MAC exist failed with the following output:
Change Dir: /home/rahul/catkin_ws/build/eigen_catkin/eigen_src-prefix/src/eigen_src-build/CMakeFiles/CMakeTmp

Run Build Command:"/usr/bin/make" "cmTC_6c590/fast"
make[3]: Entering directory '/home/rahul/catkin_ws/build/eigen_catkin/eigen_src-prefix/src/eigen_src-build/CMakeFiles/CMakeTmp'
/usr/bin/make -f CMakeFiles/cmTC_6c590.dir/build.make CMakeFiles/cmTC_6c590.dir/build
make[4]: Entering directory '/home/rahul/catkin_ws/build/eigen_catkin/eigen_src-prefix/src/eigen_src-build/CMakeFiles/CMakeTmp'
Building CXX object CMakeFiles/cmTC_6c590.dir/CheckSymbolExists.cxx.o
/usr/bin/c++    -I/usr/include/qt4  -pedantic -Wall -Wextra -Wundef -Wcast-align -Wchar-subscripts -Wnon-virtual-dtor -Wunused-local-typedefs -Wpointer-arith -Wwrite-strings -Wformat-security -Wlogical-op -Wdouble-promotion -Wno-psabi -Wno-variadic-macros -Wno-long-long -fno-check-new -fno-common -fstrict-aliasing -ansi -O1 -g1    -o CMakeFiles/cmTC_6c590.dir/CheckSymbolExists.cxx.o -c /home/rahul/catkin_ws/build/eigen_catkin/eigen_src-prefix/src/eigen_src-build/CMakeFiles/CMakeTmp/CheckSymbolExists.cxx
/home/rahul/catkin_ws/build/eigen_catkin/eigen_src-prefix/src/eigen_src-build/CMakeFiles/CMakeTmp/CheckSymbolExists.cxx: In function ‘int main(int, char**)’:
/home/rahul/catkin_ws/build/eigen_catkin/eigen_src-prefix/src/eigen_src-build/CMakeFiles/CMakeTmp/CheckSymbolExists.cxx:8:19: error: ‘Q_WS_MAC’ was not declared in this scope
   return ((int*)(&Q_WS_MAC))[argc];
                   ^
CMakeFiles/cmTC_6c590.dir/build.make:65: recipe for target 'CMakeFiles/cmTC_6c590.dir/CheckSymbolExists.cxx.o' failed
make[4]: *** [CMakeFiles/cmTC_6c590.dir/CheckSymbolExists.cxx.o] Error 1
make[4]: Leaving directory '/home/rahul/catkin_ws/build/eigen_catkin/eigen_src-prefix/src/eigen_src-build/CMakeFiles/CMakeTmp'
Makefile:126: recipe for target 'cmTC_6c590/fast' failed
make[3]: *** [cmTC_6c590/fast] Error 2
make[3]: Leaving directory '/home/rahul/catkin_ws/build/eigen_catkin/eigen_src-prefix/src/eigen_src-build/CMakeFiles/CMakeTmp'

File /home/rahul/catkin_ws/build/eigen_catkin/eigen_src-prefix/src/eigen_src-build/CMakeFiles/CMakeTmp/CheckSymbolExists.cxx:
/* */
#include <QtCore/qglobal.h>

int main(int argc, char** argv)
{
  (void)argv;
#ifndef Q_WS_MAC
  return ((int*)(&Q_WS_MAC))[argc];
#else
  (void)argc;
  return 0;
#endif
}

